{"C:\\Users\\augusto\\Augusto-Aulasf4\\semana10\\src\\index.js": {"path":"C:\\Users\\augusto\\Augusto-Aulasf4\\semana10\\src\\index.js","statementMap":{"0":{"start":{"line":5,"column":20},"end":{"line":5,"column":51}},"1":{"start":{"line":6,"column":0},"end":{"line":6,"column":38}}},"fnMap":{},"branchMap":{},"s":{"0":0,"1":0},"f":{},"b":{},"hash":"726fb007f34978728bd2ad973d27944b5888a254"}
,"C:\\Users\\augusto\\Augusto-Aulasf4\\semana10\\src\\actions\\index.js": {"path":"C:\\Users\\augusto\\Augusto-Aulasf4\\semana10\\src\\actions\\index.js","statementMap":{"0":{"start":{"line":3,"column":16},"end":{"line":3,"column":94}},"1":{"start":{"line":6,"column":23},"end":{"line":11,"column":2}},"2":{"start":{"line":6,"column":35},"end":{"line":11,"column":1}},"3":{"start":{"line":13,"column":24},"end":{"line":17,"column":1}},"4":{"start":{"line":13,"column":30},"end":{"line":17,"column":1}},"5":{"start":{"line":15,"column":21},"end":{"line":15,"column":45}},"6":{"start":{"line":16,"column":4},"end":{"line":16,"column":36}},"7":{"start":{"line":19,"column":26},"end":{"line":29,"column":1}},"8":{"start":{"line":19,"column":41},"end":{"line":29,"column":1}},"9":{"start":{"line":21,"column":17},"end":{"line":24,"column":5}},"10":{"start":{"line":25,"column":21},"end":{"line":25,"column":52}},"11":{"start":{"line":26,"column":4},"end":{"line":28,"column":5}},"12":{"start":{"line":27,"column":8},"end":{"line":27,"column":28}}},"fnMap":{"0":{"name":"(anonymous_0)","decl":{"start":{"line":6,"column":23},"end":{"line":6,"column":24}},"loc":{"start":{"line":6,"column":35},"end":{"line":11,"column":1}},"line":6},"1":{"name":"(anonymous_1)","decl":{"start":{"line":13,"column":24},"end":{"line":13,"column":25}},"loc":{"start":{"line":13,"column":30},"end":{"line":17,"column":1}},"line":13},"2":{"name":"(anonymous_2)","decl":{"start":{"line":13,"column":30},"end":{"line":13,"column":31}},"loc":{"start":{"line":13,"column":50},"end":{"line":17,"column":1}},"line":13},"3":{"name":"(anonymous_3)","decl":{"start":{"line":19,"column":26},"end":{"line":19,"column":27}},"loc":{"start":{"line":19,"column":41},"end":{"line":29,"column":1}},"line":19},"4":{"name":"(anonymous_4)","decl":{"start":{"line":19,"column":41},"end":{"line":19,"column":42}},"loc":{"start":{"line":19,"column":61},"end":{"line":29,"column":1}},"line":19}},"branchMap":{"0":{"loc":{"start":{"line":26,"column":4},"end":{"line":28,"column":5}},"type":"if","locations":[{"start":{"line":26,"column":4},"end":{"line":28,"column":5}},{"start":{"line":26,"column":4},"end":{"line":28,"column":5}}],"line":26}},"s":{"0":2,"1":2,"2":2,"3":2,"4":2,"5":1,"6":1,"7":2,"8":1,"9":1,"10":1,"11":1,"12":1},"f":{"0":2,"1":2,"2":1,"3":1,"4":1},"b":{"0":[1,0]},"_coverageSchema":"43e27e138ebf9cfc5966b082cf9a028302ed4184","hash":"ec9efa9079f5612233480fee0538801be5a5b5d2"}
,"C:\\Users\\augusto\\Augusto-Aulasf4\\semana10\\src\\containers\\App\\index.js": {"path":"C:\\Users\\augusto\\Augusto-Aulasf4\\semana10\\src\\containers\\App\\index.js","statementMap":{"0":{"start":{"line":10,"column":20},"end":{"line":15,"column":1}},"1":{"start":{"line":14,"column":11},"end":{"line":14,"column":12}},"2":{"start":{"line":17,"column":14},"end":{"line":17,"column":63}},"3":{"start":{"line":19,"column":19},"end":{"line":26,"column":1}},"4":{"start":{"line":20,"column":2},"end":{"line":25,"column":13}}},"fnMap":{"0":{"name":"(anonymous_0)","decl":{"start":{"line":14,"column":6},"end":{"line":14,"column":7}},"loc":{"start":{"line":14,"column":11},"end":{"line":14,"column":12}},"line":14},"1":{"name":"(anonymous_1)","decl":{"start":{"line":19,"column":19},"end":{"line":19,"column":20}},"loc":{"start":{"line":20,"column":2},"end":{"line":25,"column":13}},"line":20}},"branchMap":{"0":{"loc":{"start":{"line":12,"column":2},"end":{"line":14,"column":12}},"type":"cond-expr","locations":[{"start":{"line":13,"column":6},"end":{"line":13,"column":43}},{"start":{"line":14,"column":6},"end":{"line":14,"column":12}}],"line":12}},"s":{"0":0,"1":0,"2":0,"3":0,"4":0},"f":{"0":0,"1":0},"b":{"0":[0,0]},"hash":"661c9956d2d5cfc83a9f161b337478b50573054e"}
,"C:\\Users\\augusto\\Augusto-Aulasf4\\semana10\\src\\containers\\Planner\\index.js": {"path":"C:\\Users\\augusto\\Augusto-Aulasf4\\semana10\\src\\containers\\Planner\\index.js","statementMap":{"0":{"start":{"line":8,"column":4},"end":{"line":8,"column":16}},"1":{"start":{"line":9,"column":4},"end":{"line":12,"column":5}},"2":{"start":{"line":16,"column":4},"end":{"line":16,"column":25}},"3":{"start":{"line":19,"column":16},"end":{"line":22,"column":3}},"4":{"start":{"line":20,"column":28},"end":{"line":20,"column":40}},"5":{"start":{"line":21,"column":4},"end":{"line":21,"column":36}},"6":{"start":{"line":24,"column":20},"end":{"line":32,"column":3}},"7":{"start":{"line":25,"column":27},"end":{"line":25,"column":37}},"8":{"start":{"line":26,"column":38},"end":{"line":26,"column":48}},"9":{"start":{"line":27,"column":4},"end":{"line":27,"column":37}},"10":{"start":{"line":28,"column":4},"end":{"line":31,"column":6}},"11":{"start":{"line":35,"column":38},"end":{"line":35,"column":48}},"12":{"start":{"line":36,"column":25},"end":{"line":36,"column":35}},"13":{"start":{"line":38,"column":26},"end":{"line":40,"column":6}},"14":{"start":{"line":39,"column":6},"end":{"line":39,"column":31}},"15":{"start":{"line":41,"column":26},"end":{"line":43,"column":6}},"16":{"start":{"line":42,"column":6},"end":{"line":42,"column":31}},"17":{"start":{"line":44,"column":26},"end":{"line":46,"column":6}},"18":{"start":{"line":45,"column":6},"end":{"line":45,"column":31}},"19":{"start":{"line":47,"column":26},"end":{"line":49,"column":6}},"20":{"start":{"line":48,"column":6},"end":{"line":48,"column":31}},"21":{"start":{"line":50,"column":26},"end":{"line":52,"column":6}},"22":{"start":{"line":51,"column":6},"end":{"line":51,"column":31}},"23":{"start":{"line":53,"column":26},"end":{"line":55,"column":6}},"24":{"start":{"line":54,"column":6},"end":{"line":54,"column":31}},"25":{"start":{"line":56,"column":26},"end":{"line":58,"column":6}},"26":{"start":{"line":57,"column":6},"end":{"line":57,"column":31}},"27":{"start":{"line":59,"column":20},"end":{"line":61,"column":6}},"28":{"start":{"line":60,"column":6},"end":{"line":60,"column":57}},"29":{"start":{"line":62,"column":20},"end":{"line":64,"column":6}},"30":{"start":{"line":63,"column":6},"end":{"line":63,"column":57}},"31":{"start":{"line":65,"column":20},"end":{"line":67,"column":6}},"32":{"start":{"line":66,"column":6},"end":{"line":66,"column":57}},"33":{"start":{"line":68,"column":20},"end":{"line":70,"column":6}},"34":{"start":{"line":69,"column":6},"end":{"line":69,"column":57}},"35":{"start":{"line":71,"column":20},"end":{"line":73,"column":6}},"36":{"start":{"line":72,"column":6},"end":{"line":72,"column":57}},"37":{"start":{"line":74,"column":20},"end":{"line":76,"column":6}},"38":{"start":{"line":75,"column":6},"end":{"line":75,"column":57}},"39":{"start":{"line":77,"column":20},"end":{"line":79,"column":6}},"40":{"start":{"line":78,"column":6},"end":{"line":78,"column":57}},"41":{"start":{"line":80,"column":4},"end":{"line":111,"column":6}},"42":{"start":{"line":115,"column":24},"end":{"line":117,"column":2}},"43":{"start":{"line":115,"column":34},"end":{"line":117,"column":1}},"44":{"start":{"line":119,"column":27},"end":{"line":122,"column":2}},"45":{"start":{"line":119,"column":40},"end":{"line":122,"column":1}},"46":{"start":{"line":120,"column":18},"end":{"line":120,"column":38}},"47":{"start":{"line":121,"column":29},"end":{"line":121,"column":60}}},"fnMap":{"0":{"name":"(anonymous_0)","decl":{"start":{"line":7,"column":2},"end":{"line":7,"column":3}},"loc":{"start":{"line":7,"column":21},"end":{"line":13,"column":3}},"line":7},"1":{"name":"(anonymous_1)","decl":{"start":{"line":15,"column":2},"end":{"line":15,"column":3}},"loc":{"start":{"line":15,"column":22},"end":{"line":17,"column":3}},"line":15},"2":{"name":"(anonymous_2)","decl":{"start":{"line":19,"column":16},"end":{"line":19,"column":17}},"loc":{"start":{"line":19,"column":27},"end":{"line":22,"column":3}},"line":19},"3":{"name":"(anonymous_3)","decl":{"start":{"line":24,"column":20},"end":{"line":24,"column":21}},"loc":{"start":{"line":24,"column":26},"end":{"line":32,"column":3}},"line":24},"4":{"name":"(anonymous_4)","decl":{"start":{"line":34,"column":2},"end":{"line":34,"column":3}},"loc":{"start":{"line":34,"column":11},"end":{"line":112,"column":3}},"line":34},"5":{"name":"(anonymous_5)","decl":{"start":{"line":38,"column":42},"end":{"line":38,"column":43}},"loc":{"start":{"line":38,"column":50},"end":{"line":40,"column":5}},"line":38},"6":{"name":"(anonymous_6)","decl":{"start":{"line":41,"column":42},"end":{"line":41,"column":43}},"loc":{"start":{"line":41,"column":50},"end":{"line":43,"column":5}},"line":41},"7":{"name":"(anonymous_7)","decl":{"start":{"line":44,"column":42},"end":{"line":44,"column":43}},"loc":{"start":{"line":44,"column":50},"end":{"line":46,"column":5}},"line":44},"8":{"name":"(anonymous_8)","decl":{"start":{"line":47,"column":42},"end":{"line":47,"column":43}},"loc":{"start":{"line":47,"column":50},"end":{"line":49,"column":5}},"line":47},"9":{"name":"(anonymous_9)","decl":{"start":{"line":50,"column":42},"end":{"line":50,"column":43}},"loc":{"start":{"line":50,"column":50},"end":{"line":52,"column":5}},"line":50},"10":{"name":"(anonymous_10)","decl":{"start":{"line":53,"column":42},"end":{"line":53,"column":43}},"loc":{"start":{"line":53,"column":50},"end":{"line":55,"column":5}},"line":53},"11":{"name":"(anonymous_11)","decl":{"start":{"line":56,"column":42},"end":{"line":56,"column":43}},"loc":{"start":{"line":56,"column":50},"end":{"line":58,"column":5}},"line":56},"12":{"name":"(anonymous_12)","decl":{"start":{"line":59,"column":38},"end":{"line":59,"column":39}},"loc":{"start":{"line":59,"column":55},"end":{"line":61,"column":5}},"line":59},"13":{"name":"(anonymous_13)","decl":{"start":{"line":62,"column":38},"end":{"line":62,"column":39}},"loc":{"start":{"line":62,"column":55},"end":{"line":64,"column":5}},"line":62},"14":{"name":"(anonymous_14)","decl":{"start":{"line":65,"column":38},"end":{"line":65,"column":39}},"loc":{"start":{"line":65,"column":55},"end":{"line":67,"column":5}},"line":65},"15":{"name":"(anonymous_15)","decl":{"start":{"line":68,"column":38},"end":{"line":68,"column":39}},"loc":{"start":{"line":68,"column":55},"end":{"line":70,"column":5}},"line":68},"16":{"name":"(anonymous_16)","decl":{"start":{"line":71,"column":38},"end":{"line":71,"column":39}},"loc":{"start":{"line":71,"column":55},"end":{"line":73,"column":5}},"line":71},"17":{"name":"(anonymous_17)","decl":{"start":{"line":74,"column":38},"end":{"line":74,"column":39}},"loc":{"start":{"line":74,"column":55},"end":{"line":76,"column":5}},"line":74},"18":{"name":"(anonymous_18)","decl":{"start":{"line":77,"column":38},"end":{"line":77,"column":39}},"loc":{"start":{"line":77,"column":55},"end":{"line":79,"column":5}},"line":77},"19":{"name":"(anonymous_19)","decl":{"start":{"line":115,"column":24},"end":{"line":115,"column":25}},"loc":{"start":{"line":115,"column":34},"end":{"line":117,"column":1}},"line":115},"20":{"name":"(anonymous_20)","decl":{"start":{"line":119,"column":27},"end":{"line":119,"column":28}},"loc":{"start":{"line":119,"column":40},"end":{"line":122,"column":1}},"line":119},"21":{"name":"(anonymous_21)","decl":{"start":{"line":120,"column":12},"end":{"line":120,"column":13}},"loc":{"start":{"line":120,"column":18},"end":{"line":120,"column":38}},"line":120},"22":{"name":"(anonymous_22)","decl":{"start":{"line":121,"column":14},"end":{"line":121,"column":15}},"loc":{"start":{"line":121,"column":29},"end":{"line":121,"column":60}},"line":121}},"branchMap":{},"s":{"0":1,"1":1,"2":1,"3":1,"4":0,"5":0,"6":1,"7":0,"8":0,"9":0,"10":0,"11":1,"12":1,"13":1,"14":1,"15":1,"16":1,"17":1,"18":1,"19":1,"20":1,"21":1,"22":1,"23":1,"24":1,"25":1,"26":1,"27":1,"28":1,"29":1,"30":0,"31":1,"32":0,"33":1,"34":0,"35":1,"36":0,"37":1,"38":0,"39":1,"40":0,"41":1,"42":1,"43":0,"44":1,"45":0,"46":0,"47":0},"f":{"0":1,"1":1,"2":0,"3":0,"4":1,"5":1,"6":1,"7":1,"8":1,"9":1,"10":1,"11":1,"12":1,"13":0,"14":0,"15":0,"16":0,"17":0,"18":0,"19":0,"20":0,"21":0,"22":0},"b":{},"_coverageSchema":"43e27e138ebf9cfc5966b082cf9a028302ed4184","hash":"49512e748ec34a5f6fbe763ce515091881e106ad"}
,"C:\\Users\\augusto\\Augusto-Aulasf4\\semana10\\src\\containers\\Planner\\styled.js": {"path":"C:\\Users\\augusto\\Augusto-Aulasf4\\semana10\\src\\containers\\Planner\\styled.js","statementMap":{"0":{"start":{"line":3,"column":32},"end":{"line":7,"column":1}},"1":{"start":{"line":9,"column":29},"end":{"line":11,"column":1}},"2":{"start":{"line":13,"column":31},"end":{"line":20,"column":1}},"3":{"start":{"line":22,"column":21},"end":{"line":29,"column":1}},"4":{"start":{"line":31,"column":19},"end":{"line":39,"column":1}},"5":{"start":{"line":41,"column":24},"end":{"line":46,"column":1}}},"fnMap":{},"branchMap":{},"s":{"0":2,"1":2,"2":2,"3":2,"4":2,"5":2},"f":{},"b":{},"_coverageSchema":"43e27e138ebf9cfc5966b082cf9a028302ed4184","hash":"626c2a2bdd8538326247ac5dc30ee3a4a952c75e"}
,"C:\\Users\\augusto\\Augusto-Aulasf4\\semana10\\src\\reducers\\index.js": {"path":"C:\\Users\\augusto\\Augusto-Aulasf4\\semana10\\src\\reducers\\index.js","statementMap":{"0":{"start":{"line":4,"column":27},"end":{"line":6,"column":2}}},"fnMap":{},"branchMap":{},"s":{"0":0},"f":{},"b":{},"hash":"b508efcc68602d608d163ee3f0d2f80bde8da773"}
,"C:\\Users\\augusto\\Augusto-Aulasf4\\semana10\\src\\reducers\\tasks.js": {"path":"C:\\Users\\augusto\\Augusto-Aulasf4\\semana10\\src\\reducers\\tasks.js","statementMap":{"0":{"start":{"line":1,"column":21},"end":{"line":3,"column":1}},"1":{"start":{"line":5,"column":14},"end":{"line":12,"column":1}},"2":{"start":{"line":6,"column":4},"end":{"line":11,"column":5}},"3":{"start":{"line":8,"column":12},"end":{"line":8,"column":63}},"4":{"start":{"line":10,"column":12},"end":{"line":10,"column":24}}},"fnMap":{"0":{"name":"(anonymous_0)","decl":{"start":{"line":5,"column":14},"end":{"line":5,"column":15}},"loc":{"start":{"line":5,"column":48},"end":{"line":12,"column":1}},"line":5}},"branchMap":{"0":{"loc":{"start":{"line":5,"column":15},"end":{"line":5,"column":35}},"type":"default-arg","locations":[{"start":{"line":5,"column":23},"end":{"line":5,"column":35}}],"line":5},"1":{"loc":{"start":{"line":6,"column":4},"end":{"line":11,"column":5}},"type":"switch","locations":[{"start":{"line":7,"column":8},"end":{"line":8,"column":63}},{"start":{"line":9,"column":8},"end":{"line":10,"column":24}}],"line":6}},"s":{"0":1,"1":1,"2":2,"3":1,"4":1},"f":{"0":2},"b":{"0":[2],"1":[1,1]},"_coverageSchema":"43e27e138ebf9cfc5966b082cf9a028302ed4184","hash":"e370987630f5cb36e8e2aea005e5245fd58fcbb5"}
,"C:\\Users\\augusto\\Augusto-Aulasf4\\semana10\\src\\style\\theme.js": {"path":"C:\\Users\\augusto\\Augusto-Aulasf4\\semana10\\src\\style\\theme.js","statementMap":{},"fnMap":{},"branchMap":{},"s":{},"f":{},"b":{},"hash":"830455e222c48b0ae72298f1a88fdf1fe31caa97"}
}
