TN:
SF:C:\Users\augusto\Augusto-Aulasf4\semana10\src\index.js
FNF:0
FNH:0
DA:5,0
DA:6,0
LF:2
LH:0
BRF:0
BRH:0
end_of_record
TN:
SF:C:\Users\augusto\Augusto-Aulasf4\semana10\src\actions\index.js
FN:6,(anonymous_0)
FN:13,(anonymous_1)
FN:13,(anonymous_2)
FN:19,(anonymous_3)
FN:19,(anonymous_4)
FNF:5
FNH:5
FNDA:2,(anonymous_0)
FNDA:2,(anonymous_1)
FNDA:1,(anonymous_2)
FNDA:1,(anonymous_3)
FNDA:1,(anonymous_4)
DA:3,2
DA:6,2
DA:13,2
DA:15,1
DA:16,1
DA:19,2
DA:21,1
DA:25,1
DA:26,1
DA:27,1
LF:10
LH:10
BRDA:26,0,0,1
BRDA:26,0,1,0
BRF:2
BRH:1
end_of_record
TN:
SF:C:\Users\augusto\Augusto-Aulasf4\semana10\src\containers\App\index.js
FN:14,(anonymous_0)
FN:19,(anonymous_1)
FNF:2
FNH:0
FNDA:0,(anonymous_0)
FNDA:0,(anonymous_1)
DA:10,0
DA:14,0
DA:17,0
DA:19,0
DA:20,0
LF:5
LH:0
BRDA:12,0,0,0
BRDA:12,0,1,0
BRF:2
BRH:0
end_of_record
TN:
SF:C:\Users\augusto\Augusto-Aulasf4\semana10\src\containers\Planner\index.js
FN:7,(anonymous_0)
FN:15,(anonymous_1)
FN:19,(anonymous_2)
FN:24,(anonymous_3)
FN:34,(anonymous_4)
FN:38,(anonymous_5)
FN:41,(anonymous_6)
FN:44,(anonymous_7)
FN:47,(anonymous_8)
FN:50,(anonymous_9)
FN:53,(anonymous_10)
FN:56,(anonymous_11)
FN:59,(anonymous_12)
FN:62,(anonymous_13)
FN:65,(anonymous_14)
FN:68,(anonymous_15)
FN:71,(anonymous_16)
FN:74,(anonymous_17)
FN:77,(anonymous_18)
FN:115,(anonymous_19)
FN:119,(anonymous_20)
FN:120,(anonymous_21)
FN:121,(anonymous_22)
FNF:23
FNH:11
FNDA:1,(anonymous_0)
FNDA:1,(anonymous_1)
FNDA:0,(anonymous_2)
FNDA:0,(anonymous_3)
FNDA:1,(anonymous_4)
FNDA:1,(anonymous_5)
FNDA:1,(anonymous_6)
FNDA:1,(anonymous_7)
FNDA:1,(anonymous_8)
FNDA:1,(anonymous_9)
FNDA:1,(anonymous_10)
FNDA:1,(anonymous_11)
FNDA:1,(anonymous_12)
FNDA:0,(anonymous_13)
FNDA:0,(anonymous_14)
FNDA:0,(anonymous_15)
FNDA:0,(anonymous_16)
FNDA:0,(anonymous_17)
FNDA:0,(anonymous_18)
FNDA:0,(anonymous_19)
FNDA:0,(anonymous_20)
FNDA:0,(anonymous_21)
FNDA:0,(anonymous_22)
DA:8,1
DA:9,1
DA:16,1
DA:19,1
DA:20,0
DA:21,0
DA:24,1
DA:25,0
DA:26,0
DA:27,0
DA:28,0
DA:35,1
DA:36,1
DA:38,1
DA:39,1
DA:41,1
DA:42,1
DA:44,1
DA:45,1
DA:47,1
DA:48,1
DA:50,1
DA:51,1
DA:53,1
DA:54,1
DA:56,1
DA:57,1
DA:59,1
DA:60,1
DA:62,1
DA:63,0
DA:65,1
DA:66,0
DA:68,1
DA:69,0
DA:71,1
DA:72,0
DA:74,1
DA:75,0
DA:77,1
DA:78,0
DA:80,1
DA:115,1
DA:119,1
DA:120,0
DA:121,0
LF:46
LH:32
BRF:0
BRH:0
end_of_record
TN:
SF:C:\Users\augusto\Augusto-Aulasf4\semana10\src\containers\Planner\styled.js
FNF:0
FNH:0
DA:3,2
DA:9,2
DA:13,2
DA:22,2
DA:31,2
DA:41,2
LF:6
LH:6
BRF:0
BRH:0
end_of_record
TN:
SF:C:\Users\augusto\Augusto-Aulasf4\semana10\src\reducers\index.js
FNF:0
FNH:0
DA:4,0
LF:1
LH:0
BRF:0
BRH:0
end_of_record
TN:
SF:C:\Users\augusto\Augusto-Aulasf4\semana10\src\reducers\tasks.js
FN:5,(anonymous_0)
FNF:1
FNH:1
FNDA:2,(anonymous_0)
DA:1,1
DA:5,1
DA:6,2
DA:8,1
DA:10,1
LF:5
LH:5
BRDA:5,0,0,2
BRDA:6,1,0,1
BRDA:6,1,1,1
BRF:3
BRH:3
end_of_record
TN:
SF:C:\Users\augusto\Augusto-Aulasf4\semana10\src\style\theme.js
FNF:0
FNH:0
LF:0
LH:0
BRF:0
BRH:0
end_of_record
